[debug] [2023-05-01T10:32:34.251Z] ----------------------------------------------------------------------
[debug] [2023-05-01T10:32:34.254Z] Command:       C:\Program Files\nodejs\node.exe C:\Users\suman\AppData\Roaming\npm\node_modules\firebase-tools\lib\bin\firebase.js init
[debug] [2023-05-01T10:32:34.254Z] CLI Version:   11.29.1
[debug] [2023-05-01T10:32:34.255Z] Platform:      win32
[debug] [2023-05-01T10:32:34.255Z] Node Version:  v18.15.0
[debug] [2023-05-01T10:32:34.256Z] Time:          Mon May 01 2023 16:02:34 GMT+0530 (India Standard Time)
[debug] [2023-05-01T10:32:34.256Z] ----------------------------------------------------------------------
[debug] 
[debug] [2023-05-01T10:32:34.260Z] >>> [apiv2][query] GET https://firebase-public.firebaseio.com/cli.json [none]
[debug] [2023-05-01T10:32:34.318Z] > command requires scopes: ["email","openid","https://www.googleapis.com/auth/cloudplatformprojects.readonly","https://www.googleapis.com/auth/firebase","https://www.googleapis.com/auth/cloud-platform"]
[debug] [2023-05-01T10:32:34.319Z] > authorizing via signed-in user (sumankumardey89@gmail.com)
[info] 
     ######## #### ########  ######## ########     ###     ######  ########
     ##        ##  ##     ## ##       ##     ##  ##   ##  ##       ##
     ######    ##  ########  ######   ########  #########  ######  ######
     ##        ##  ##    ##  ##       ##     ## ##     ##       ## ##
     ##       #### ##     ## ######## ########  ##     ##  ######  ########

You're about to initialize a Firebase project in this directory:

  D:\Github-Projects\sumandey07\MERN-Chat-App

[debug] [2023-05-01T10:32:35.061Z] <<< [apiv2][status] GET https://firebase-public.firebaseio.com/cli.json 200
[debug] [2023-05-01T10:32:35.062Z] <<< [apiv2][body] GET https://firebase-public.firebaseio.com/cli.json {"cloudBuildErrorAfter":1594252800000,"cloudBuildWarnAfter":1590019200000,"defaultNode10After":1594252800000,"minVersion":"3.0.5","node8DeploysDisabledAfter":1613390400000,"node8RuntimeDisabledAfter":1615809600000,"node8WarnAfter":1600128000000}
